2019-04-09 08:58:56.420 INFO  (main) [   ] o.e.j.u.log Logging initialized @4155ms to org.eclipse.jetty.util.log.Slf4jLog
2019-04-09 08:58:56.601 WARN  (main) [   ] o.e.j.s.AbstractConnector Ignoring deprecated socket close linger time
2019-04-09 08:58:56.609 INFO  (main) [   ] o.e.j.s.Server jetty-9.4.14.v20181114; built: 2018-11-14T21:20:31.478Z; git: c4550056e785fb5665914545889f21dc136ad9e6; jvm 1.8.0_131-b11
2019-04-09 08:58:56.629 INFO  (main) [   ] o.e.j.d.p.ScanningAppProvider Deployment monitor [file:///X:/Dev/Information%20Retrieval%20Project/Final/solr-7.7.1/server/contexts/] at interval 0
2019-04-09 08:59:01.592 INFO  (main) [   ] o.e.j.w.StandardDescriptorProcessor NO JSP Support for /solr, did not find org.apache.jasper.servlet.JspServlet
2019-04-09 08:59:01.601 INFO  (main) [   ] o.e.j.s.session DefaultSessionIdManager workerName=node0
2019-04-09 08:59:01.601 INFO  (main) [   ] o.e.j.s.session No SessionScavenger set, using defaults
2019-04-09 08:59:01.603 INFO  (main) [   ] o.e.j.s.session node0 Scavenging every 660000ms
2019-04-09 08:59:01.718 INFO  (main) [   ] o.a.s.u.c.SSLCredentialProviderFactory Processing SSL Credential Provider chain: env;sysprop
2019-04-09 08:59:01.768 INFO  (main) [   ] o.a.s.s.SolrDispatchFilter Using logger factory org.apache.logging.slf4j.Log4jLoggerFactory
2019-04-09 08:59:01.802 INFO  (main) [   ] o.a.s.s.SolrDispatchFilter  ___      _       Welcome to Apache Solr™ version 7.7.1
2019-04-09 08:59:01.802 INFO  (main) [   ] o.a.s.s.SolrDispatchFilter / __| ___| |_ _   Starting in standalone mode on port 8983
2019-04-09 08:59:01.803 INFO  (main) [   ] o.a.s.s.SolrDispatchFilter \__ \/ _ \ | '_|  Install dir: X:\Dev\Information Retrieval Project\Final\solr-7.7.1
2019-04-09 08:59:01.803 INFO  (main) [   ] o.a.s.s.SolrDispatchFilter |___/\___/_|_|    Start time: 2019-04-09T08:59:01.803Z
2019-04-09 08:59:01.877 INFO  (main) [   ] o.a.s.c.SolrResourceLoader Using system property solr.solr.home: X:\Dev\Information Retrieval Project\Final\solr-7.7.1\server\solr
2019-04-09 08:59:01.884 INFO  (main) [   ] o.a.s.c.SolrXmlConfig Loading container configuration from X:\Dev\Information Retrieval Project\Final\solr-7.7.1\server\solr\solr.xml
2019-04-09 08:59:01.972 INFO  (main) [   ] o.a.s.c.SolrXmlConfig MBean server found: com.sun.jmx.mbeanserver.JmxMBeanServer@17badd3, but no JMX reporters were configured - adding default JMX reporter.
2019-04-09 08:59:03.025 INFO  (main) [   ] o.a.s.h.c.HttpShardHandlerFactory Host whitelist initialized: WhitelistHostChecker [whitelistHosts=null, whitelistHostCheckingEnabled=true]
2019-04-09 08:59:07.992 INFO  (main) [   ] o.a.s.c.TransientSolrCoreCacheDefault Allocating transient cache for 2147483647 transient cores
2019-04-09 08:59:07.994 INFO  (main) [   ] o.a.s.h.a.MetricsHistoryHandler No .system collection, keeping metrics history in memory.
2019-04-09 08:59:08.063 INFO  (main) [   ] o.a.s.m.r.SolrJmxReporter JMX monitoring for 'solr.node' (registry 'solr.node') enabled at server: com.sun.jmx.mbeanserver.JmxMBeanServer@17badd3
2019-04-09 08:59:08.064 INFO  (main) [   ] o.a.s.m.r.SolrJmxReporter JMX monitoring for 'solr.jvm' (registry 'solr.jvm') enabled at server: com.sun.jmx.mbeanserver.JmxMBeanServer@17badd3
2019-04-09 08:59:08.069 INFO  (main) [   ] o.a.s.m.r.SolrJmxReporter JMX monitoring for 'solr.jetty' (registry 'solr.jetty') enabled at server: com.sun.jmx.mbeanserver.JmxMBeanServer@17badd3
2019-04-09 08:59:08.217 INFO  (main) [   ] o.a.s.c.CorePropertiesLocator Found 1 core definitions underneath X:\Dev\Information Retrieval Project\Final\solr-7.7.1\server\solr
2019-04-09 08:59:08.217 INFO  (main) [   ] o.a.s.c.CorePropertiesLocator Cores are: [ir]
2019-04-09 08:59:08.351 INFO  (coreLoadExecutor-9-thread-1) [   x:ir] o.a.s.c.SolrResourceLoader [ir] Added 58 libs to classloader, from paths: [/X:/Dev/Information%20Retrieval%20Project/Final/solr-7.7.1/contrib/clustering/lib, /X:/Dev/Information%20Retrieval%20Project/Final/solr-7.7.1/contrib/extraction/lib, /X:/Dev/Information%20Retrieval%20Project/Final/solr-7.7.1/contrib/langid/lib, /X:/Dev/Information%20Retrieval%20Project/Final/solr-7.7.1/contrib/velocity/lib, /X:/Dev/Information%20Retrieval%20Project/Final/solr-7.7.1/dist]
2019-04-09 08:59:08.634 INFO  (main) [   ] o.e.j.s.h.ContextHandler Started o.e.j.w.WebAppContext@1271612{/solr,file:///X:/Dev/Information%20Retrieval%20Project/Final/solr-7.7.1/server/solr-webapp/webapp/,AVAILABLE}{X:\Dev\Information Retrieval Project\Final\solr-7.7.1\server/solr-webapp/webapp}
2019-04-09 08:59:08.653 INFO  (main) [   ] o.e.j.s.AbstractConnector Started ServerConnector@157c287{HTTP/1.1,[http/1.1]}{0.0.0.0:8983}
2019-04-09 08:59:08.654 INFO  (main) [   ] o.e.j.s.Server Started @16390ms
2019-04-09 08:59:09.636 INFO  (qtp16876053-20) [   ] o.a.s.s.HttpSolrCall [admin] webapp=null path=/admin/info/system params={wt=json} status=0 QTime=83
2019-04-09 08:59:12.915 INFO  (coreLoadExecutor-9-thread-1) [   x:ir] o.a.s.c.SolrConfig Using Lucene MatchVersion: 7.7.1
2019-04-09 08:59:13.027 INFO  (coreLoadExecutor-9-thread-1) [   x:ir] o.a.s.s.IndexSchema [ir] Schema name=default-config
2019-04-09 08:59:13.148 WARN  (coreLoadExecutor-9-thread-1) [   x:ir] o.a.s.c.SolrResourceLoader Solr loaded a deprecated plugin/analysis class [solr.TrieDateField]. Please consult documentation how to replace it accordingly.
2019-04-09 08:59:13.225 WARN  (coreLoadExecutor-9-thread-1) [   x:ir] o.a.s.c.SolrResourceLoader Solr loaded a deprecated plugin/analysis class [solr.SynonymFilterFactory]. Please consult documentation how to replace it accordingly.
2019-04-09 08:59:13.718 INFO  (coreLoadExecutor-9-thread-1) [   x:ir] o.a.s.s.IndexSchema Loaded schema default-config/1.6 with uniqueid field id
2019-04-09 08:59:13.745 INFO  (coreLoadExecutor-9-thread-1) [   x:ir] o.a.s.c.CoreContainer Creating SolrCore 'ir' using configuration from instancedir X:\Dev\Information Retrieval Project\Final\solr-7.7.1\server\solr\ir, trusted=true
2019-04-09 08:59:13.764 INFO  (coreLoadExecutor-9-thread-1) [   x:ir] o.a.s.m.r.SolrJmxReporter JMX monitoring for 'solr.core.ir' (registry 'solr.core.ir') enabled at server: com.sun.jmx.mbeanserver.JmxMBeanServer@17badd3
2019-04-09 08:59:13.799 INFO  (coreLoadExecutor-9-thread-1) [   x:ir] o.a.s.c.SolrCore [[ir] ] Opening new SolrCore at [X:\Dev\Information Retrieval Project\Final\solr-7.7.1\server\solr\ir], dataDir=[X:\Dev\Information Retrieval Project\Final\solr-7.7.1\server\solr\ir\data\]
2019-04-09 08:59:13.879 INFO  (coreLoadExecutor-9-thread-1) [   x:ir] o.a.s.r.XSLTResponseWriter xsltCacheLifetimeSeconds=5
2019-04-09 08:59:18.850 INFO  (coreLoadExecutor-9-thread-1) [   x:ir] o.a.s.u.UpdateHandler Using UpdateLog implementation: org.apache.solr.update.UpdateLog
2019-04-09 08:59:18.851 INFO  (coreLoadExecutor-9-thread-1) [   x:ir] o.a.s.u.UpdateLog Initializing UpdateLog: dataDir= defaultSyncLevel=FLUSH numRecordsToKeep=100 maxNumLogsToKeep=10 numVersionBuckets=65536
2019-04-09 08:59:18.982 INFO  (coreLoadExecutor-9-thread-1) [   x:ir] o.a.s.u.CommitTracker Hard AutoCommit: if uncommitted for 15000ms; 
2019-04-09 08:59:18.982 INFO  (coreLoadExecutor-9-thread-1) [   x:ir] o.a.s.u.CommitTracker Soft AutoCommit: disabled
2019-04-09 08:59:19.654 INFO  (coreLoadExecutor-9-thread-1) [   x:ir] o.a.s.s.SolrIndexSearcher Opening [Searcher@12e2710[ir] main]
2019-04-09 08:59:19.695 INFO  (coreLoadExecutor-9-thread-1) [   x:ir] o.a.s.r.ManagedResourceStorage File-based storage initialized to use dir: X:\Dev\Information Retrieval Project\Final\solr-7.7.1\server\solr\ir\conf
2019-04-09 08:59:19.712 INFO  (coreLoadExecutor-9-thread-1) [   x:ir] o.a.s.h.c.SpellCheckComponent Initializing spell checkers
2019-04-09 08:59:19.718 INFO  (coreLoadExecutor-9-thread-1) [   x:ir] o.a.s.s.DirectSolrSpellChecker init: {name=default,field=tweet_text,classname=solr.DirectSolrSpellChecker,distanceMeasure=internal,accuracy=0.5,maxEdits=2,minPrefix=1,maxInspections=5,minQueryLength=4,maxQueryFrequency=0.01}
2019-04-09 08:59:19.728 INFO  (coreLoadExecutor-9-thread-1) [   x:ir] o.a.s.h.ReplicationHandler Commits will be reserved for 10000ms.
2019-04-09 08:59:19.755 INFO  (searcherExecutor-10-thread-1-processing-x:ir) [   x:ir] o.a.s.c.QuerySenderListener QuerySenderListener sending requests to Searcher@12e2710[ir] main{ExitableDirectoryReader(UninvertingDirectoryReader(Uninverting(_2z(7.7.1):C10000:[diagnostics={java.runtime.version=1.8.0_131-b11, java.vendor=Oracle Corporation, java.version=1.8.0_131, java.vm.version=25.131-b11, lucene.version=7.7.1, os=Windows 10, os.arch=x86, os.version=10.0, source=flush, timestamp=1554553543071}]:[attributes={Lucene50StoredFieldsFormat.mode=BEST_SPEED}]) Uninverting(_3a(7.7.1):C4993:[diagnostics={os=Windows 10, java.vendor=Oracle Corporation, java.version=1.8.0_131, java.vm.version=25.131-b11, lucene.version=7.7.1, mergeMaxNumSegments=-1, os.arch=x86, java.runtime.version=1.8.0_131-b11, source=merge, mergeFactor=10, os.version=10.0, timestamp=1554555648476}]:[attributes={Lucene50StoredFieldsFormat.mode=BEST_SPEED}]) Uninverting(_3b(7.7.1):C1:[diagnostics={java.runtime.version=1.8.0_131-b11, java.vendor=Oracle Corporation, java.version=1.8.0_131, java.vm.version=25.131-b11, lucene.version=7.7.1, os=Windows 10, os.arch=x86, os.version=10.0, source=flush, timestamp=1554555709333}]:[attributes={Lucene50StoredFieldsFormat.mode=BEST_SPEED}]) Uninverting(_3c(7.7.1):C1:[diagnostics={java.runtime.version=1.8.0_131-b11, java.vendor=Oracle Corporation, java.version=1.8.0_131, java.vm.version=25.131-b11, lucene.version=7.7.1, os=Windows 10, os.arch=x86, os.version=10.0, source=flush, timestamp=1554555768560}]:[attributes={Lucene50StoredFieldsFormat.mode=BEST_SPEED}])))}
2019-04-09 08:59:19.755 INFO  (searcherExecutor-10-thread-1-processing-x:ir) [   x:ir] o.a.s.c.QuerySenderListener QuerySenderListener done.
2019-04-09 08:59:19.755 INFO  (searcherExecutor-10-thread-1-processing-x:ir) [   x:ir] o.a.s.h.c.SpellCheckComponent Loading spell index for spellchecker: default
2019-04-09 08:59:19.762 INFO  (searcherExecutor-10-thread-1-processing-x:ir) [   x:ir] o.a.s.c.SolrCore [ir] Registered new searcher Searcher@12e2710[ir] main{ExitableDirectoryReader(UninvertingDirectoryReader(Uninverting(_2z(7.7.1):C10000:[diagnostics={java.runtime.version=1.8.0_131-b11, java.vendor=Oracle Corporation, java.version=1.8.0_131, java.vm.version=25.131-b11, lucene.version=7.7.1, os=Windows 10, os.arch=x86, os.version=10.0, source=flush, timestamp=1554553543071}]:[attributes={Lucene50StoredFieldsFormat.mode=BEST_SPEED}]) Uninverting(_3a(7.7.1):C4993:[diagnostics={os=Windows 10, java.vendor=Oracle Corporation, java.version=1.8.0_131, java.vm.version=25.131-b11, lucene.version=7.7.1, mergeMaxNumSegments=-1, os.arch=x86, java.runtime.version=1.8.0_131-b11, source=merge, mergeFactor=10, os.version=10.0, timestamp=1554555648476}]:[attributes={Lucene50StoredFieldsFormat.mode=BEST_SPEED}]) Uninverting(_3b(7.7.1):C1:[diagnostics={java.runtime.version=1.8.0_131-b11, java.vendor=Oracle Corporation, java.version=1.8.0_131, java.vm.version=25.131-b11, lucene.version=7.7.1, os=Windows 10, os.arch=x86, os.version=10.0, source=flush, timestamp=1554555709333}]:[attributes={Lucene50StoredFieldsFormat.mode=BEST_SPEED}]) Uninverting(_3c(7.7.1):C1:[diagnostics={java.runtime.version=1.8.0_131-b11, java.vendor=Oracle Corporation, java.version=1.8.0_131, java.vm.version=25.131-b11, lucene.version=7.7.1, os=Windows 10, os.arch=x86, os.version=10.0, source=flush, timestamp=1554555768560}]:[attributes={Lucene50StoredFieldsFormat.mode=BEST_SPEED}])))}
2019-04-09 08:59:34.948 INFO  (qtp16876053-20) [   ] o.a.s.s.HttpSolrCall [admin] webapp=null path=/admin/cores params={indexInfo=false&wt=json&_=1554800374675} status=0 QTime=0
2019-04-09 08:59:35.007 INFO  (qtp16876053-38) [   ] o.a.s.s.HttpSolrCall [admin] webapp=null path=/admin/info/system params={wt=json&_=1554800374675} status=0 QTime=55
2019-04-09 08:59:35.007 INFO  (qtp16876053-20) [   ] o.a.s.s.HttpSolrCall [admin] webapp=null path=/admin/info/system params={wt=json&_=1554800374675} status=0 QTime=56
2019-04-09 08:59:42.612 INFO  (qtp16876053-23) [   x:ir] o.a.s.c.S.Request [ir]  webapp=/solr path=/select params={q=North+Korea&df=tweet_text&fq=((screen_name:WSJ+OR+screen_name:CNN+OR+screen_name:TheEconomist+OR+screen_name:BBCSport+OR+screen_name:Verge))&rows=50} hits=235 status=0 QTime=127
2019-04-09 09:00:19.178 INFO  (qtp16876053-14) [   x:ir] o.a.s.c.S.Request [ir]  webapp=/solr path=/select params={q=North+Korea&df=tweet_text&fq=((screen_name:WSJ+OR+screen_name:CNN+OR+screen_name:TheEconomist+OR+screen_name:BBCSport+OR+screen_name:Verge))&rows=50} hits=235 status=0 QTime=0
2019-04-09 09:01:34.666 INFO  (qtp16876053-39) [   ] o.a.s.s.HttpSolrCall [admin] webapp=null path=/admin/cores params={indexInfo=false&wt=json&_=1554800494515} status=0 QTime=0
2019-04-09 09:01:34.697 INFO  (qtp16876053-23) [   ] o.a.s.s.HttpSolrCall [admin] webapp=null path=/admin/info/system params={wt=json&_=1554800494516} status=0 QTime=29
2019-04-09 09:01:34.734 INFO  (qtp16876053-18) [   ] o.a.s.s.HttpSolrCall [admin] webapp=null path=/admin/info/system params={wt=json&_=1554800494516} status=0 QTime=26
2019-04-09 09:01:36.635 INFO  (qtp16876053-23) [   ] o.a.s.s.HttpSolrCall [admin] webapp=null path=/admin/cores params={indexInfo=false&wt=json&_=1554800494515} status=0 QTime=0
2019-04-09 09:01:36.645 INFO  (qtp16876053-14) [   x:ir] o.a.s.c.S.Request [ir]  webapp=/solr path=/admin/luke params={numTerms=0&show=index&wt=json&_=1554800496629} status=0 QTime=2
2019-04-09 09:01:36.651 INFO  (qtp16876053-16) [   x:ir] o.a.s.c.S.Request [ir]  webapp=/solr path=/replication params={wt=json&command=details&_=1554800496629} status=0 QTime=3
2019-04-09 09:01:36.655 INFO  (qtp16876053-14) [   x:ir] o.a.s.c.S.Request [ir]  webapp=/solr path=/admin/ping params={action=status&wt=json&_=1554800494516&ts=1554800494516} status=503 QTime=1
2019-04-09 09:01:36.693 INFO  (qtp16876053-39) [   ] o.a.s.s.HttpSolrCall [admin] webapp=null path=/admin/info/system params={wt=json&_=1554800494516} status=0 QTime=55
2019-04-09 09:01:36.693 INFO  (qtp16876053-23) [   x:ir] o.a.s.c.S.Request [ir]  webapp=/solr path=/admin/system params={wt=json&_=1554800496629} status=0 QTime=48
2019-04-09 09:01:37.860 INFO  (qtp16876053-40) [   ] o.a.s.s.HttpSolrCall [admin] webapp=null path=/admin/cores params={indexInfo=false&wt=json&_=1554800494515} status=0 QTime=0
2019-04-09 09:01:37.890 INFO  (qtp16876053-16) [   ] o.a.s.s.HttpSolrCall [admin] webapp=null path=/admin/info/system params={wt=json&_=1554800494516} status=0 QTime=28
2019-04-09 09:01:38.554 INFO  (qtp16876053-21) [   x:ir] o.a.s.c.S.Request [ir]  webapp=/solr path=/select params={q=*:*&_=1554800497834} hits=14995 status=0 QTime=1
2019-04-09 09:01:58.346 INFO  (qtp16876053-22) [   x:ir] o.a.s.s.SolrIndexSearcher Opening [Searcher@113eafe[ir] realtime]
2019-04-09 09:01:58.349 INFO  (qtp16876053-22) [   x:ir] o.a.s.u.DirectUpdateHandler2 start commit{_version_=1630326508328321024,optimize=false,openSearcher=true,waitSearcher=true,expungeDeletes=false,softCommit=false,prepareCommit=false}
2019-04-09 09:01:58.349 INFO  (qtp16876053-22) [   x:ir] o.a.s.u.SolrIndexWriter Calling setCommitData with IW:org.apache.solr.update.SolrIndexWriter@a8d6c5 commitCommandVersion:1630326508328321024
2019-04-09 09:01:58.411 INFO  (qtp16876053-22) [   x:ir] o.a.s.s.SolrIndexSearcher Opening [Searcher@60db2d[ir] main]
2019-04-09 09:01:58.416 INFO  (searcherExecutor-10-thread-1-processing-x:ir) [   x:ir] o.a.s.c.QuerySenderListener QuerySenderListener sending requests to Searcher@60db2d[ir] main{ExitableDirectoryReader(UninvertingDirectoryReader())}
2019-04-09 09:01:58.416 INFO  (searcherExecutor-10-thread-1-processing-x:ir) [   x:ir] o.a.s.c.QuerySenderListener QuerySenderListener done.
2019-04-09 09:01:58.427 INFO  (searcherExecutor-10-thread-1-processing-x:ir) [   x:ir] o.a.s.c.SolrCore [ir] Registered new searcher Searcher@60db2d[ir] main{ExitableDirectoryReader(UninvertingDirectoryReader())}
2019-04-09 09:01:58.429 INFO  (qtp16876053-22) [   x:ir] o.a.s.u.DirectUpdateHandler2 end_commit_flush
2019-04-09 09:01:58.578 INFO  (qtp16876053-22) [   x:ir] o.a.s.u.p.LogUpdateProcessorFactory [ir]  webapp=/solr path=/update params={commit=true}{deleteByQuery=*:* (-1630326508300009472),commit=} 0 301
2019-04-09 09:02:01.290 INFO  (qtp16876053-40) [   x:ir] o.a.s.c.S.Request [ir]  webapp=/solr path=/select params={q=*:*&_=1554800497834} hits=0 status=0 QTime=0
2019-04-09 09:02:09.551 INFO  (qtp16876053-21) [   x:ir] o.a.s.u.p.LogUpdateProcessorFactory [ir]  webapp=/solr path=/update params={}{add=[1103667900685135872 (1630326518167109632), 1103664111735451648 (1630326518222684160), 1103660340003434496 (1630326518225829888), 1103656580673871874 (1630326518227927040), 1103652796706910209 (1630326518228975616), 1103649039319482368 (1630326518230024192), 1103645250457948160 (1630326518232121344), 1103641724990169088 (1630326518233169920), 1103641496207720455 (1630326518234218496), 1103637686953435141 (1630326518236315648), ... (10000 adds)]} 0 1849
2019-04-09 09:02:09.564 INFO  (qtp16876053-40) [   x:ir] o.a.s.u.DirectUpdateHandler2 start commit{_version_=1630326520088100864,optimize=false,openSearcher=true,waitSearcher=true,expungeDeletes=false,softCommit=false,prepareCommit=false}
2019-04-09 09:02:09.565 INFO  (qtp16876053-40) [   x:ir] o.a.s.u.SolrIndexWriter Calling setCommitData with IW:org.apache.solr.update.SolrIndexWriter@a8d6c5 commitCommandVersion:1630326520088100864
2019-04-09 09:02:10.294 INFO  (qtp16876053-40) [   x:ir] o.a.s.s.SolrIndexSearcher Opening [Searcher@2fed44[ir] main]
2019-04-09 09:02:10.295 INFO  (searcherExecutor-10-thread-1-processing-x:ir) [   x:ir] o.a.s.c.QuerySenderListener QuerySenderListener sending requests to Searcher@2fed44[ir] main{ExitableDirectoryReader(UninvertingDirectoryReader(Uninverting(_3d(7.7.1):C10000:[diagnostics={os=Windows 10, java.vendor=Oracle Corporation, java.version=1.8.0_131, java.vm.version=25.131-b11, lucene.version=7.7.1, os.arch=x86, java.runtime.version=1.8.0_131-b11, source=flush, os.version=10.0, timestamp=1554800530120}]:[attributes={Lucene50StoredFieldsFormat.mode=BEST_SPEED}])))}
2019-04-09 09:02:10.295 INFO  (searcherExecutor-10-thread-1-processing-x:ir) [   x:ir] o.a.s.c.QuerySenderListener QuerySenderListener done.
2019-04-09 09:02:10.298 INFO  (searcherExecutor-10-thread-1-processing-x:ir) [   x:ir] o.a.s.c.SolrCore [ir] Registered new searcher Searcher@2fed44[ir] main{ExitableDirectoryReader(UninvertingDirectoryReader(Uninverting(_3d(7.7.1):C10000:[diagnostics={os=Windows 10, java.vendor=Oracle Corporation, java.version=1.8.0_131, java.vm.version=25.131-b11, lucene.version=7.7.1, os.arch=x86, java.runtime.version=1.8.0_131-b11, source=flush, os.version=10.0, timestamp=1554800530120}]:[attributes={Lucene50StoredFieldsFormat.mode=BEST_SPEED}])))}
2019-04-09 09:02:10.310 INFO  (qtp16876053-40) [   x:ir] o.a.s.u.DirectUpdateHandler2 end_commit_flush
2019-04-09 09:02:10.310 INFO  (qtp16876053-40) [   x:ir] o.a.s.u.p.LogUpdateProcessorFactory [ir]  webapp=/solr path=/update params={commit=true}{commit=} 0 746
2019-04-09 09:02:12.391 INFO  (qtp16876053-40) [   x:ir] o.a.s.c.S.Request [ir]  webapp=/solr path=/select params={q=*:*&_=1554800497834} hits=10000 status=0 QTime=0
2019-04-09 09:02:13.169 INFO  (qtp16876053-21) [   x:ir] o.a.s.c.S.Request [ir]  webapp=/solr path=/select params={q=*:*&_=1554800497834} hits=10000 status=0 QTime=0
2019-04-09 09:02:13.652 INFO  (qtp16876053-40) [   x:ir] o.a.s.c.S.Request [ir]  webapp=/solr path=/select params={q=*:*&_=1554800497834} hits=10000 status=0 QTime=0
2019-04-09 09:02:14.320 INFO  (qtp16876053-40) [   x:ir] o.a.s.c.S.Request [ir]  webapp=/solr path=/select params={q=*:*&_=1554800497834} hits=10000 status=0 QTime=0
2019-04-09 09:04:24.151 INFO  (qtp16876053-22) [   x:ir] o.a.s.c.S.Request [ir]  webapp=/solr path=/select params={q=North+Korea&df=tweet_text&fq=((screen_name:WSJ+OR+screen_name:CNN+OR+screen_name:TheEconomist+OR+screen_name:BBCSport+OR+screen_name:Verge))&rows=50} hits=197 status=0 QTime=3
2019-04-09 09:04:49.185 INFO  (ShutdownMonitor) [   ] o.e.j.s.AbstractConnector Stopped ServerConnector@157c287{HTTP/1.1,[http/1.1]}{0.0.0.0:8983}
2019-04-09 09:04:49.185 INFO  (ShutdownMonitor) [   ] o.e.j.s.session node0 Stopped scavenging
2019-04-09 09:04:49.187 INFO  (ShutdownMonitor) [   ] o.a.s.c.CoreContainer Shutting down CoreContainer instance=26146797
2019-04-09 09:04:49.188 INFO  (coreCloseExecutor-15-thread-1) [   x:ir] o.a.s.c.SolrCore [ir]  CLOSING SolrCore org.apache.solr.core.SolrCore@6a3114
2019-04-09 09:04:49.188 INFO  (coreCloseExecutor-15-thread-1) [   x:ir] o.a.s.m.SolrMetricManager Closing metric reporters for registry=solr.core.ir, tag=6a3114
2019-04-09 09:04:49.189 INFO  (coreCloseExecutor-15-thread-1) [   x:ir] o.a.s.m.r.SolrJmxReporter Closing reporter [org.apache.solr.metrics.reporters.SolrJmxReporter@11b0c05: rootName = null, domain = solr.core.ir, service url = null, agent id = null] for registry solr.core.ir / com.codahale.metrics.MetricRegistry@40381b
2019-04-09 09:04:49.209 INFO  (ShutdownMonitor) [   ] o.a.s.m.SolrMetricManager Closing metric reporters for registry=solr.node, tag=null
2019-04-09 09:04:49.209 INFO  (ShutdownMonitor) [   ] o.a.s.m.r.SolrJmxReporter Closing reporter [org.apache.solr.metrics.reporters.SolrJmxReporter@f116f6: rootName = null, domain = solr.node, service url = null, agent id = null] for registry solr.node / com.codahale.metrics.MetricRegistry@d8cf4b
2019-04-09 09:04:49.211 INFO  (ShutdownMonitor) [   ] o.a.s.m.SolrMetricManager Closing metric reporters for registry=solr.jvm, tag=null
2019-04-09 09:04:49.211 INFO  (ShutdownMonitor) [   ] o.a.s.m.r.SolrJmxReporter Closing reporter [org.apache.solr.metrics.reporters.SolrJmxReporter@98770d: rootName = null, domain = solr.jvm, service url = null, agent id = null] for registry solr.jvm / com.codahale.metrics.MetricRegistry@117467b
2019-04-09 09:04:49.212 INFO  (ShutdownMonitor) [   ] o.a.s.m.SolrMetricManager Closing metric reporters for registry=solr.jetty, tag=null
2019-04-09 09:04:49.212 INFO  (ShutdownMonitor) [   ] o.a.s.m.r.SolrJmxReporter Closing reporter [org.apache.solr.metrics.reporters.SolrJmxReporter@e67cad: rootName = null, domain = solr.jetty, service url = null, agent id = null] for registry solr.jetty / com.codahale.metrics.MetricRegistry@167b3f0
2019-04-09 09:04:49.222 INFO  (ShutdownMonitor) [   ] o.e.j.s.h.ContextHandler Stopped o.e.j.w.WebAppContext@1271612{/solr,null,UNAVAILABLE}{X:\Dev\Information Retrieval Project\Final\solr-7.7.1\server/solr-webapp/webapp}
